ERROR - 2019-02-15 10:21:42 --> Query error: Table 'pdam.t_devices' doesn't exist - Invalid query: SELECT *
FROM `t_devices`
ERROR - 2019-02-15 10:21:42 --> Severity: Error --> Call to a member function error() on boolean D:\Development\htdocs\pdam\apps\models\Mod.php 81
ERROR - 2019-02-15 10:22:16 --> Query error: Table 'pdam.t_devices' doesn't exist - Invalid query: SELECT *
FROM `t_devices`
ERROR - 2019-02-15 10:22:16 --> Severity: Error --> Call to a member function error() on boolean D:\Development\htdocs\pdam\apps\models\Mod.php 81
ERROR - 2019-02-15 10:22:46 --> Query error: Table 'pdam.t_devices' doesn't exist - Invalid query: SELECT *
FROM `t_devices`
ERROR - 2019-02-15 10:22:46 --> Severity: Error --> Call to a member function error() on boolean D:\Development\htdocs\pdam\apps\models\Mod.php 81
ERROR - 2019-02-15 10:23:24 --> Query error: Table 'pdam.t_devices' doesn't exist - Invalid query: SELECT *
FROM `t_devices`
ERROR - 2019-02-15 10:23:24 --> Severity: Error --> Call to a member function error() on boolean D:\Development\htdocs\pdam\apps\models\Mod.php 81
ERROR - 2019-02-15 10:23:33 --> Query error: Table 'pdam.t_devices' doesn't exist - Invalid query: SELECT *
FROM `t_devices`
ERROR - 2019-02-15 10:23:33 --> Severity: Warning --> Invalid argument supplied for foreach() D:\Development\htdocs\pdam\apps\modules\home\views\default.php 12
ERROR - 2019-02-15 10:23:34 --> Query error: Table 'pdam.vdata' doesn't exist - Invalid query: SELECT * FROM (SELECT @row := @row + 1 AS no, a.* FROM vdata a, (SELECT @row := 0) AS r WHERE kode_rule is not null AND kode_device = 'null' ) as tab WHERE 1=1   LIMIT  10 
ERROR - 2019-02-15 10:23:34 --> Query error: Table 'pdam.vdata' doesn't exist - Invalid query: SELECT COUNT(*) as aTot FROM (SELECT * FROM (SELECT @row := @row + 1 AS no, a.* FROM vdata a, (SELECT @row := 0) AS r WHERE kode_rule is not null AND kode_device = 'null' ) as tab WHERE 1=1) as sukuquery WHERE 1=1 
ERROR - 2019-02-15 10:23:34 --> Severity: Error --> Call to a member function row() on boolean D:\Development\htdocs\pdam\apps\libraries\Datatable.php 186
ERROR - 2019-02-15 10:23:37 --> Query error: Table 'pdam.vrules' doesn't exist - Invalid query: SELECT * FROM (SELECT @row := @row + 1 AS no, a.* FROM vrules a, (SELECT @row := 0) AS r  ) as tab WHERE 1=1   LIMIT  10 
ERROR - 2019-02-15 10:23:37 --> Query error: Table 'pdam.vrules' doesn't exist - Invalid query: SELECT COUNT(*) as aTot FROM (SELECT * FROM (SELECT @row := @row + 1 AS no, a.* FROM vrules a, (SELECT @row := 0) AS r  ) as tab WHERE 1=1) as sukuquery WHERE 1=1 
ERROR - 2019-02-15 10:23:37 --> Severity: Error --> Call to a member function row() on boolean D:\Development\htdocs\pdam\apps\libraries\Datatable.php 186
ERROR - 2019-02-15 10:23:38 --> Query error: Table 'pdam.t_devices' doesn't exist - Invalid query: SELECT *
FROM `t_devices`
ERROR - 2019-02-15 10:23:38 --> Severity: Warning --> Invalid argument supplied for foreach() D:\Development\htdocs\pdam\apps\modules\home\views\default.php 12
ERROR - 2019-02-15 10:23:39 --> Query error: Table 'pdam.vdata' doesn't exist - Invalid query: SELECT * FROM (SELECT @row := @row + 1 AS no, a.* FROM vdata a, (SELECT @row := 0) AS r WHERE kode_rule is not null AND kode_device = 'null' ) as tab WHERE 1=1   LIMIT  10 
ERROR - 2019-02-15 10:23:39 --> Query error: Table 'pdam.vdata' doesn't exist - Invalid query: SELECT COUNT(*) as aTot FROM (SELECT * FROM (SELECT @row := @row + 1 AS no, a.* FROM vdata a, (SELECT @row := 0) AS r WHERE kode_rule is not null AND kode_device = 'null' ) as tab WHERE 1=1) as sukuquery WHERE 1=1 
ERROR - 2019-02-15 10:23:39 --> Severity: Error --> Call to a member function row() on boolean D:\Development\htdocs\pdam\apps\libraries\Datatable.php 186
ERROR - 2019-02-15 10:23:39 --> Query error: Table 'pdam.t_devices' doesn't exist - Invalid query: SELECT *
FROM `t_devices`
ERROR - 2019-02-15 10:23:40 --> Severity: Warning --> Invalid argument supplied for foreach() D:\Development\htdocs\pdam\apps\modules\home\views\default.php 12
ERROR - 2019-02-15 10:23:40 --> Query error: Table 'pdam.vdata' doesn't exist - Invalid query: SELECT * FROM (SELECT @row := @row + 1 AS no, a.* FROM vdata a, (SELECT @row := 0) AS r WHERE kode_rule is not null AND kode_device = 'null' ) as tab WHERE 1=1   LIMIT  10 
ERROR - 2019-02-15 10:23:40 --> Query error: Table 'pdam.vdata' doesn't exist - Invalid query: SELECT COUNT(*) as aTot FROM (SELECT * FROM (SELECT @row := @row + 1 AS no, a.* FROM vdata a, (SELECT @row := 0) AS r WHERE kode_rule is not null AND kode_device = 'null' ) as tab WHERE 1=1) as sukuquery WHERE 1=1 
ERROR - 2019-02-15 10:23:40 --> Severity: Error --> Call to a member function row() on boolean D:\Development\htdocs\pdam\apps\libraries\Datatable.php 186
ERROR - 2019-02-15 10:23:48 --> Query error: Table 'pdam.t_devices' doesn't exist - Invalid query: SELECT *
FROM `t_devices`
ERROR - 2019-02-15 10:23:57 --> Query error: Table 'pdam.t_devices' doesn't exist - Invalid query: SELECT *
FROM `t_devices`
ERROR - 2019-02-15 10:24:18 --> Query error: Table 'pdam.t_devices' doesn't exist - Invalid query: SELECT *
FROM `t_devices`
ERROR - 2019-02-15 10:24:18 --> Severity: Warning --> Invalid argument supplied for foreach() D:\Development\htdocs\pdam\apps\modules\home\views\default.php 12
ERROR - 2019-02-15 10:24:19 --> Query error: Table 'pdam.vdata' doesn't exist - Invalid query: SELECT * FROM (SELECT @row := @row + 1 AS no, a.* FROM vdata a, (SELECT @row := 0) AS r WHERE kode_rule is not null AND kode_device = 'null' ) as tab WHERE 1=1   LIMIT  10 
ERROR - 2019-02-15 10:24:19 --> Query error: Table 'pdam.vdata' doesn't exist - Invalid query: SELECT COUNT(*) as aTot FROM (SELECT * FROM (SELECT @row := @row + 1 AS no, a.* FROM vdata a, (SELECT @row := 0) AS r WHERE kode_rule is not null AND kode_device = 'null' ) as tab WHERE 1=1) as sukuquery WHERE 1=1 
ERROR - 2019-02-15 10:24:19 --> Severity: Error --> Call to a member function row() on boolean D:\Development\htdocs\pdam\apps\libraries\Datatable.php 186
ERROR - 2019-02-15 10:24:30 --> Query error: Table 'pdam.t_devices' doesn't exist - Invalid query: SELECT *
FROM `t_devices`
ERROR - 2019-02-15 10:24:40 --> Query error: Table 'pdam.t_devices' doesn't exist - Invalid query: SELECT *
FROM `t_devices`
ERROR - 2019-02-15 10:25:08 --> Severity: Notice --> Undefined variable: files D:\Development\htdocs\pdam\apps\modules\home\views\default.php 12
ERROR - 2019-02-15 10:25:08 --> Severity: Warning --> Invalid argument supplied for foreach() D:\Development\htdocs\pdam\apps\modules\home\views\default.php 12
ERROR - 2019-02-15 10:25:08 --> Query error: Table 'pdam.vdata' doesn't exist - Invalid query: SELECT * FROM (SELECT @row := @row + 1 AS no, a.* FROM vdata a, (SELECT @row := 0) AS r WHERE kode_rule is not null AND kode_device = 'null' ) as tab WHERE 1=1   LIMIT  10 
ERROR - 2019-02-15 10:25:08 --> Query error: Table 'pdam.vdata' doesn't exist - Invalid query: SELECT COUNT(*) as aTot FROM (SELECT * FROM (SELECT @row := @row + 1 AS no, a.* FROM vdata a, (SELECT @row := 0) AS r WHERE kode_rule is not null AND kode_device = 'null' ) as tab WHERE 1=1) as sukuquery WHERE 1=1 
ERROR - 2019-02-15 10:25:08 --> Severity: Error --> Call to a member function row() on boolean D:\Development\htdocs\pdam\apps\libraries\Datatable.php 186
ERROR - 2019-02-15 10:30:20 --> Severity: Notice --> Undefined variable: files D:\Development\htdocs\pdam\apps\modules\home\views\default.php 12
ERROR - 2019-02-15 10:30:20 --> Severity: Warning --> Invalid argument supplied for foreach() D:\Development\htdocs\pdam\apps\modules\home\views\default.php 12
ERROR - 2019-02-15 10:30:21 --> Query error: Table 'pdam.vdata' doesn't exist - Invalid query: SELECT * FROM (SELECT @row := @row + 1 AS no, a.* FROM vdata a, (SELECT @row := 0) AS r WHERE kode_rule is not null AND kode_device = 'null' ) as tab WHERE 1=1   LIMIT  10 
ERROR - 2019-02-15 10:30:21 --> Query error: Table 'pdam.vdata' doesn't exist - Invalid query: SELECT COUNT(*) as aTot FROM (SELECT * FROM (SELECT @row := @row + 1 AS no, a.* FROM vdata a, (SELECT @row := 0) AS r WHERE kode_rule is not null AND kode_device = 'null' ) as tab WHERE 1=1) as sukuquery WHERE 1=1 
ERROR - 2019-02-15 10:30:21 --> Severity: Error --> Call to a member function row() on boolean D:\Development\htdocs\pdam\apps\libraries\Datatable.php 186
ERROR - 2019-02-15 10:32:35 --> Severity: Notice --> Undefined variable: files D:\Development\htdocs\pdam\apps\modules\home\views\default.php 12
ERROR - 2019-02-15 10:32:35 --> Severity: Warning --> Invalid argument supplied for foreach() D:\Development\htdocs\pdam\apps\modules\home\views\default.php 12
ERROR - 2019-02-15 10:32:43 --> Severity: Notice --> Undefined variable: files D:\Development\htdocs\pdam\apps\modules\home\views\default.php 12
ERROR - 2019-02-15 10:32:43 --> Severity: Warning --> Invalid argument supplied for foreach() D:\Development\htdocs\pdam\apps\modules\home\views\default.php 12
ERROR - 2019-02-15 10:32:56 --> Severity: Notice --> Undefined variable: files D:\Development\htdocs\pdam\apps\modules\home\views\default.php 12
ERROR - 2019-02-15 10:32:56 --> Severity: Warning --> Invalid argument supplied for foreach() D:\Development\htdocs\pdam\apps\modules\home\views\default.php 12
ERROR - 2019-02-15 10:33:01 --> Severity: Notice --> Undefined variable: files D:\Development\htdocs\pdam\apps\modules\home\views\default.php 12
ERROR - 2019-02-15 10:33:01 --> Severity: Warning --> Invalid argument supplied for foreach() D:\Development\htdocs\pdam\apps\modules\home\views\default.php 12
ERROR - 2019-02-15 10:33:24 --> Severity: Notice --> Undefined variable: files D:\Development\htdocs\pdam\apps\modules\home\views\default.php 12
ERROR - 2019-02-15 10:33:24 --> Severity: Warning --> Invalid argument supplied for foreach() D:\Development\htdocs\pdam\apps\modules\home\views\default.php 12
ERROR - 2019-02-15 10:33:25 --> Query error: Unknown column 'kode_data' in 'field list' - Invalid query: SELECT COUNT(kode_data) as aTot FROM (SELECT * FROM (SELECT @row := @row + 1 AS no, a.*, CONCAT(a.nama_depan,' ',a.nama_belakang) as nama_lengkap FROM t_pelanggan a, (SELECT @row := 0) AS r  ) as tab WHERE 1=1) as sukuquery WHERE 1=1 
ERROR - 2019-02-15 10:33:25 --> Severity: Error --> Call to a member function row() on boolean D:\Development\htdocs\pdam\apps\libraries\Datatable.php 191
ERROR - 2019-02-15 10:33:31 --> Severity: Notice --> Undefined variable: files D:\Development\htdocs\pdam\apps\modules\home\views\default.php 12
ERROR - 2019-02-15 10:33:31 --> Severity: Warning --> Invalid argument supplied for foreach() D:\Development\htdocs\pdam\apps\modules\home\views\default.php 12
ERROR - 2019-02-15 10:33:32 --> Query error: Unknown column 'kode_data' in 'field list' - Invalid query: SELECT COUNT(kode_data) as aTot FROM (SELECT * FROM (SELECT @row := @row + 1 AS no, a.*, CONCAT(a.nama_depan,' ',a.nama_belakang) as nama_lengkap FROM t_pelanggan a, (SELECT @row := 0) AS r  ) as tab WHERE 1=1) as sukuquery WHERE 1=1 
ERROR - 2019-02-15 10:33:32 --> Severity: Error --> Call to a member function row() on boolean D:\Development\htdocs\pdam\apps\libraries\Datatable.php 191
ERROR - 2019-02-15 10:34:05 --> Severity: Notice --> Undefined variable: files D:\Development\htdocs\pdam\apps\modules\home\views\default.php 12
ERROR - 2019-02-15 10:34:05 --> Severity: Warning --> Invalid argument supplied for foreach() D:\Development\htdocs\pdam\apps\modules\home\views\default.php 12
ERROR - 2019-02-15 10:34:07 --> Severity: Warning --> Missing argument 1 for Home::listData() D:\Development\htdocs\pdam\apps\modules\home\controllers\Home.php 24
ERROR - 2019-02-15 10:34:07 --> Query error: Unknown column 'kode_data' in 'field list' - Invalid query: SELECT COUNT(kode_data) as aTot FROM (SELECT * FROM (SELECT @row := @row + 1 AS no, a.*, CONCAT(a.nama_depan,' ',a.nama_belakang) as nama_lengkap FROM t_pelanggan a, (SELECT @row := 0) AS r  ) as tab WHERE 1=1) as sukuquery WHERE 1=1 
ERROR - 2019-02-15 10:34:07 --> Severity: Error --> Call to a member function row() on boolean D:\Development\htdocs\pdam\apps\libraries\Datatable.php 191
ERROR - 2019-02-15 10:34:22 --> Severity: Warning --> Missing argument 1 for Home::listData() D:\Development\htdocs\pdam\apps\modules\home\controllers\Home.php 24
ERROR - 2019-02-15 10:34:22 --> Query error: Unknown column 'kode_data' in 'field list' - Invalid query: SELECT COUNT(kode_data) as aTot FROM (SELECT * FROM (SELECT @row := @row + 1 AS no, a.*, CONCAT(a.nama_depan,' ',a.nama_belakang) as nama_lengkap FROM t_pelanggan a, (SELECT @row := 0) AS r  ) as tab WHERE 1=1) as sukuquery WHERE 1=1 
ERROR - 2019-02-15 10:34:22 --> Severity: Error --> Call to a member function row() on boolean D:\Development\htdocs\pdam\apps\libraries\Datatable.php 191
ERROR - 2019-02-15 10:34:33 --> Query error: Unknown column 'kode_data' in 'field list' - Invalid query: SELECT COUNT(kode_data) as aTot FROM (SELECT * FROM (SELECT @row := @row + 1 AS no, a.*, CONCAT(a.nama_depan,' ',a.nama_belakang) as nama_lengkap FROM t_pelanggan a, (SELECT @row := 0) AS r  ) as tab WHERE 1=1) as sukuquery WHERE 1=1 
ERROR - 2019-02-15 10:34:33 --> Severity: Error --> Call to a member function row() on boolean D:\Development\htdocs\pdam\apps\libraries\Datatable.php 191
ERROR - 2019-02-15 10:35:01 --> Query error: Unknown column 'kode_data' in 'field list' - Invalid query: SELECT COUNT(kode_data) as aTot FROM (SELECT * FROM (SELECT @row := @row + 1 AS no, a.*, CONCAT(a.nama_depan,' ',a.nama_belakang) as nama_lengkap FROM t_pelanggan a, (SELECT @row := 0) AS r  ) as tab WHERE 1=1) as sukuquery WHERE 1=1 
ERROR - 2019-02-15 10:35:01 --> Severity: Error --> Call to a member function row() on boolean D:\Development\htdocs\pdam\apps\libraries\Datatable.php 191
ERROR - 2019-02-15 10:36:05 --> Query error: Unknown column 'kode_data' in 'field list' - Invalid query: SELECT COUNT(kode_data) as aTot FROM (SELECT * FROM (SELECT @row := @row + 1 AS no, a.*, CONCAT(a.nama_depan,' ',a.nama_belakang) as nama_lengkap FROM t_pelanggan a, (SELECT @row := 0) AS r  ) as tab WHERE 1=1) as sukuquery WHERE 1=1 
ERROR - 2019-02-15 10:36:05 --> Severity: Error --> Call to a member function row() on boolean D:\Development\htdocs\pdam\apps\libraries\Datatable.php 191
ERROR - 2019-02-15 10:36:51 --> Query error: Table 'pdam.vdata' doesn't exist - Invalid query: SELECT *
FROM `vdata`
WHERE `kode_data` =0
ERROR - 2019-02-15 10:37:02 --> Query error: Table 'pdam.vdata' doesn't exist - Invalid query: SELECT *
FROM `vdata`
WHERE `kode_pelanggan` =0
ERROR - 2019-02-15 10:55:19 --> Severity: Notice --> Undefined variable: kode_device D:\Development\htdocs\pdam\apps\modules\pelanggan\views\form.php 21
ERROR - 2019-02-15 10:55:19 --> Severity: Notice --> Undefined variable: nama_device D:\Development\htdocs\pdam\apps\modules\pelanggan\views\form.php 26
ERROR - 2019-02-15 10:55:19 --> Severity: Notice --> Undefined variable: nama_file D:\Development\htdocs\pdam\apps\modules\pelanggan\views\form.php 32
ERROR - 2019-02-15 10:55:44 --> Severity: Error --> Call to undefined function assets_url() D:\Development\htdocs\pdam\apps\views\errors\html\error_404.php 31
ERROR - 2019-02-15 10:55:47 --> Severity: Error --> Call to undefined function assets_url() D:\Development\htdocs\pdam\apps\views\errors\html\error_404.php 31
ERROR - 2019-02-15 10:59:58 --> Severity: Error --> Call to undefined function assets_url() D:\Development\htdocs\pdam\apps\views\errors\html\error_404.php 31
ERROR - 2019-02-15 11:00:02 --> Severity: Error --> Call to undefined function assets_url() D:\Development\htdocs\pdam\apps\views\errors\html\error_404.php 31
ERROR - 2019-02-15 11:00:05 --> Severity: Error --> Call to undefined function assets_url() D:\Development\htdocs\pdam\apps\views\errors\html\error_404.php 31
ERROR - 2019-02-15 11:00:25 --> Query error: Duplicate entry '' for key 'ktp' - Invalid query: INSERT INTO `t_pelanggan` (`nama_depan`, `nama_belakang`, `alamat`, `telepon`) VALUES ('Bagas', 'Dewonggono', 'Bandung													', '081989992238')
ERROR - 2019-02-15 11:00:43 --> Query error: Duplicate entry '' for key 'ktp' - Invalid query: INSERT INTO `t_pelanggan` (`nama_depan`, `nama_belakang`, `alamat`, `telepon`) VALUES ('Bagas', 'Dewonggono', 'Bandung													', '081989992238')
ERROR - 2019-02-15 11:00:59 --> Query error: Duplicate entry '' for key 'ktp' - Invalid query: INSERT INTO `t_pelanggan` (`nama_depan`, `nama_belakang`, `alamat`, `telepon`) VALUES ('Bagas', 'Dewonggono', 'Bandung													', '081989992238')
ERROR - 2019-02-15 11:03:19 --> Query error: Duplicate entry '3217082508720088' for key 'ktp' - Invalid query: INSERT INTO `t_pelanggan` (`ktp`, `nama_depan`, `nama_belakang`, `alamat`, `telepon`) VALUES ('3217082508720088', 'Haerul', 'Yuyung', 'Bandung													', '08999273749')
ERROR - 2019-02-15 11:06:31 --> Severity: Error --> Call to undefined function assets_url() D:\Development\htdocs\pdam\apps\views\errors\html\error_404.php 31
ERROR - 2019-02-15 11:06:32 --> Severity: Error --> Call to undefined function assets_url() D:\Development\htdocs\pdam\apps\views\errors\html\error_404.php 31
ERROR - 2019-02-15 11:06:32 --> Severity: Error --> Call to undefined function assets_url() D:\Development\htdocs\pdam\apps\views\errors\html\error_404.php 31
ERROR - 2019-02-15 11:08:03 --> Severity: Error --> Call to undefined function assets_url() D:\Development\htdocs\pdam\apps\views\errors\html\error_404.php 31
ERROR - 2019-02-15 11:08:03 --> Severity: Error --> Call to undefined function assets_url() D:\Development\htdocs\pdam\apps\views\errors\html\error_404.php 31
ERROR - 2019-02-15 11:10:09 --> Severity: Notice --> Undefined offset: 3 D:\Development\htdocs\pdam\apps\libraries\Datatable.php 163
ERROR - 2019-02-15 11:10:09 --> Severity: Notice --> Undefined offset: 3 D:\Development\htdocs\pdam\apps\libraries\Datatable.php 164
ERROR - 2019-02-15 11:10:09 --> Severity: Notice --> Undefined offset: 4 D:\Development\htdocs\pdam\apps\libraries\Datatable.php 163
ERROR - 2019-02-15 11:10:09 --> Severity: Notice --> Undefined offset: 4 D:\Development\htdocs\pdam\apps\libraries\Datatable.php 164
ERROR - 2019-02-15 11:10:09 --> Severity: Notice --> Undefined offset: 5 D:\Development\htdocs\pdam\apps\libraries\Datatable.php 163
ERROR - 2019-02-15 11:10:09 --> Severity: Notice --> Undefined offset: 5 D:\Development\htdocs\pdam\apps\libraries\Datatable.php 164
ERROR - 2019-02-15 11:13:30 --> Severity: Notice --> Undefined variable: kode_pelanggan D:\Development\htdocs\pdam\apps\modules\watermeter\views\form.php 21
ERROR - 2019-02-15 11:13:30 --> Severity: Notice --> Undefined variable: ktp D:\Development\htdocs\pdam\apps\modules\watermeter\views\form.php 26
ERROR - 2019-02-15 11:13:30 --> Severity: Notice --> Undefined variable: nama_depan D:\Development\htdocs\pdam\apps\modules\watermeter\views\form.php 32
ERROR - 2019-02-15 11:13:30 --> Severity: Notice --> Undefined variable: nama_belakang D:\Development\htdocs\pdam\apps\modules\watermeter\views\form.php 38
ERROR - 2019-02-15 11:13:30 --> Severity: Notice --> Undefined variable: alamat D:\Development\htdocs\pdam\apps\modules\watermeter\views\form.php 44
ERROR - 2019-02-15 11:13:30 --> Severity: Notice --> Undefined variable: telepon D:\Development\htdocs\pdam\apps\modules\watermeter\views\form.php 50
ERROR - 2019-02-15 11:14:32 --> Query error: Unknown column 'name' in 'field list' - Invalid query: INSERT INTO `t_pelanggan` (`name`, `nickname`) VALUES ('hr', 'HARA')
