ERROR - 2019-01-23 09:59:51 --> Severity: Error --> Call to undefined function assets_url() C:\xampp_5.6\htdocs\masagi\watchlog\apps\views\errors\html\error_404.php 31
ERROR - 2019-01-23 09:59:51 --> Severity: Error --> Call to undefined function assets_url() C:\xampp_5.6\htdocs\masagi\watchlog\apps\views\errors\html\error_404.php 31
ERROR - 2019-01-23 09:59:52 --> Severity: Error --> Call to undefined function assets_url() C:\xampp_5.6\htdocs\masagi\watchlog\apps\views\errors\html\error_404.php 31
ERROR - 2019-01-23 09:59:52 --> Severity: Error --> Call to undefined function assets_url() C:\xampp_5.6\htdocs\masagi\watchlog\apps\views\errors\html\error_404.php 31
ERROR - 2019-01-23 09:59:52 --> Severity: Error --> Call to undefined function assets_url() C:\xampp_5.6\htdocs\masagi\watchlog\apps\views\errors\html\error_404.php 31
ERROR - 2019-01-23 09:59:52 --> Severity: Error --> Call to undefined function assets_url() C:\xampp_5.6\htdocs\masagi\watchlog\apps\views\errors\html\error_404.php 31
ERROR - 2019-01-23 09:59:52 --> Severity: Error --> Call to undefined function assets_url() C:\xampp_5.6\htdocs\masagi\watchlog\apps\views\errors\html\error_404.php 31
ERROR - 2019-01-23 09:59:52 --> Severity: Error --> Call to undefined function assets_url() C:\xampp_5.6\htdocs\masagi\watchlog\apps\views\errors\html\error_404.php 31
ERROR - 2019-01-23 09:59:52 --> Severity: Error --> Call to undefined function assets_url() C:\xampp_5.6\htdocs\masagi\watchlog\apps\views\errors\html\error_404.php 31
ERROR - 2019-01-23 09:59:52 --> Severity: Error --> Call to undefined function assets_url() C:\xampp_5.6\htdocs\masagi\watchlog\apps\views\errors\html\error_404.php 31
ERROR - 2019-01-23 09:59:52 --> Severity: Error --> Call to undefined function assets_url() C:\xampp_5.6\htdocs\masagi\watchlog\apps\views\errors\html\error_404.php 31
ERROR - 2019-01-23 09:59:52 --> Severity: Error --> Call to undefined function assets_url() C:\xampp_5.6\htdocs\masagi\watchlog\apps\views\errors\html\error_404.php 31
ERROR - 2019-01-23 09:59:52 --> Severity: Error --> Call to undefined function assets_url() C:\xampp_5.6\htdocs\masagi\watchlog\apps\views\errors\html\error_404.php 31
ERROR - 2019-01-23 09:59:52 --> Severity: Error --> Call to undefined function assets_url() C:\xampp_5.6\htdocs\masagi\watchlog\apps\views\errors\html\error_404.php 31
ERROR - 2019-01-23 09:59:53 --> Severity: Error --> Call to undefined function assets_url() C:\xampp_5.6\htdocs\masagi\watchlog\apps\views\errors\html\error_404.php 31
ERROR - 2019-01-23 09:59:53 --> Severity: Error --> Call to undefined function assets_url() C:\xampp_5.6\htdocs\masagi\watchlog\apps\views\errors\html\error_404.php 31
ERROR - 2019-01-23 09:59:53 --> Severity: Error --> Call to undefined function assets_url() C:\xampp_5.6\htdocs\masagi\watchlog\apps\views\errors\html\error_404.php 31
ERROR - 2019-01-23 09:59:53 --> Severity: Error --> Call to undefined function assets_url() C:\xampp_5.6\htdocs\masagi\watchlog\apps\views\errors\html\error_404.php 31
ERROR - 2019-01-23 10:00:17 --> Severity: Error --> Call to undefined function assets_url() C:\xampp_5.6\htdocs\masagi\watchlog\apps\views\errors\html\error_404.php 31
ERROR - 2019-01-23 10:00:17 --> Severity: Error --> Call to undefined function assets_url() C:\xampp_5.6\htdocs\masagi\watchlog\apps\views\errors\html\error_404.php 31
ERROR - 2019-01-23 10:00:18 --> Severity: Error --> Call to undefined function assets_url() C:\xampp_5.6\htdocs\masagi\watchlog\apps\views\errors\html\error_404.php 31
ERROR - 2019-01-23 10:00:18 --> Severity: Error --> Call to undefined function assets_url() C:\xampp_5.6\htdocs\masagi\watchlog\apps\views\errors\html\error_404.php 31
ERROR - 2019-01-23 10:00:18 --> Severity: Error --> Call to undefined function assets_url() C:\xampp_5.6\htdocs\masagi\watchlog\apps\views\errors\html\error_404.php 31
ERROR - 2019-01-23 10:00:18 --> Severity: Error --> Call to undefined function assets_url() C:\xampp_5.6\htdocs\masagi\watchlog\apps\views\errors\html\error_404.php 31
ERROR - 2019-01-23 10:00:18 --> Severity: Error --> Call to undefined function assets_url() C:\xampp_5.6\htdocs\masagi\watchlog\apps\views\errors\html\error_404.php 31
ERROR - 2019-01-23 10:00:18 --> Severity: Error --> Call to undefined function assets_url() C:\xampp_5.6\htdocs\masagi\watchlog\apps\views\errors\html\error_404.php 31
ERROR - 2019-01-23 10:00:18 --> Severity: Error --> Call to undefined function assets_url() C:\xampp_5.6\htdocs\masagi\watchlog\apps\views\errors\html\error_404.php 31
ERROR - 2019-01-23 10:00:18 --> Severity: Error --> Call to undefined function assets_url() C:\xampp_5.6\htdocs\masagi\watchlog\apps\views\errors\html\error_404.php 31
ERROR - 2019-01-23 10:00:18 --> Severity: Error --> Call to undefined function assets_url() C:\xampp_5.6\htdocs\masagi\watchlog\apps\views\errors\html\error_404.php 31
ERROR - 2019-01-23 10:00:18 --> Severity: Error --> Call to undefined function assets_url() C:\xampp_5.6\htdocs\masagi\watchlog\apps\views\errors\html\error_404.php 31
ERROR - 2019-01-23 10:00:18 --> Severity: Error --> Call to undefined function assets_url() C:\xampp_5.6\htdocs\masagi\watchlog\apps\views\errors\html\error_404.php 31
ERROR - 2019-01-23 10:00:19 --> Severity: Error --> Call to undefined function assets_url() C:\xampp_5.6\htdocs\masagi\watchlog\apps\views\errors\html\error_404.php 31
ERROR - 2019-01-23 10:00:19 --> Severity: Error --> Call to undefined function assets_url() C:\xampp_5.6\htdocs\masagi\watchlog\apps\views\errors\html\error_404.php 31
ERROR - 2019-01-23 10:00:19 --> Severity: Error --> Call to undefined function assets_url() C:\xampp_5.6\htdocs\masagi\watchlog\apps\views\errors\html\error_404.php 31
ERROR - 2019-01-23 10:00:19 --> Severity: Error --> Call to undefined function assets_url() C:\xampp_5.6\htdocs\masagi\watchlog\apps\views\errors\html\error_404.php 31
ERROR - 2019-01-23 10:00:19 --> Severity: Error --> Call to undefined function assets_url() C:\xampp_5.6\htdocs\masagi\watchlog\apps\views\errors\html\error_404.php 31
ERROR - 2019-01-23 10:00:19 --> Severity: Error --> Call to undefined function assets_url() C:\xampp_5.6\htdocs\masagi\watchlog\apps\views\errors\html\error_404.php 31
ERROR - 2019-01-23 10:00:19 --> Severity: Error --> Call to undefined function assets_url() C:\xampp_5.6\htdocs\masagi\watchlog\apps\views\errors\html\error_404.php 31
ERROR - 2019-01-23 10:00:19 --> Severity: Error --> Call to undefined function assets_url() C:\xampp_5.6\htdocs\masagi\watchlog\apps\views\errors\html\error_404.php 31
ERROR - 2019-01-23 10:00:19 --> Severity: Error --> Call to undefined function assets_url() C:\xampp_5.6\htdocs\masagi\watchlog\apps\views\errors\html\error_404.php 31
ERROR - 2019-01-23 10:00:19 --> Severity: Error --> Call to undefined function assets_url() C:\xampp_5.6\htdocs\masagi\watchlog\apps\views\errors\html\error_404.php 31
ERROR - 2019-01-23 10:00:20 --> Severity: Error --> Call to undefined function assets_url() C:\xampp_5.6\htdocs\masagi\watchlog\apps\views\errors\html\error_404.php 31
ERROR - 2019-01-23 10:00:20 --> Severity: Error --> Call to undefined function assets_url() C:\xampp_5.6\htdocs\masagi\watchlog\apps\views\errors\html\error_404.php 31
ERROR - 2019-01-23 10:00:20 --> Severity: Error --> Call to undefined function assets_url() C:\xampp_5.6\htdocs\masagi\watchlog\apps\views\errors\html\error_404.php 31
ERROR - 2019-01-23 10:00:20 --> Severity: Error --> Call to undefined function assets_url() C:\xampp_5.6\htdocs\masagi\watchlog\apps\views\errors\html\error_404.php 31
ERROR - 2019-01-23 10:00:20 --> Severity: Error --> Call to undefined function assets_url() C:\xampp_5.6\htdocs\masagi\watchlog\apps\views\errors\html\error_404.php 31
ERROR - 2019-01-23 10:00:20 --> Severity: Error --> Call to undefined function assets_url() C:\xampp_5.6\htdocs\masagi\watchlog\apps\views\errors\html\error_404.php 31
ERROR - 2019-01-23 10:00:21 --> Severity: Error --> Call to undefined function assets_url() C:\xampp_5.6\htdocs\masagi\watchlog\apps\views\errors\html\error_404.php 31
ERROR - 2019-01-23 10:00:40 --> Severity: Error --> Call to undefined function assets_url() C:\xampp_5.6\htdocs\masagi\watchlog\apps\views\errors\html\error_404.php 31
ERROR - 2019-01-23 10:00:40 --> Severity: Error --> Call to undefined function assets_url() C:\xampp_5.6\htdocs\masagi\watchlog\apps\views\errors\html\error_404.php 31
ERROR - 2019-01-23 10:00:40 --> Severity: Error --> Call to undefined function assets_url() C:\xampp_5.6\htdocs\masagi\watchlog\apps\views\errors\html\error_404.php 31
ERROR - 2019-01-23 10:00:40 --> Severity: Error --> Call to undefined function assets_url() C:\xampp_5.6\htdocs\masagi\watchlog\apps\views\errors\html\error_404.php 31
ERROR - 2019-01-23 10:00:40 --> Severity: Error --> Call to undefined function assets_url() C:\xampp_5.6\htdocs\masagi\watchlog\apps\views\errors\html\error_404.php 31
ERROR - 2019-01-23 10:00:41 --> Severity: Error --> Call to undefined function assets_url() C:\xampp_5.6\htdocs\masagi\watchlog\apps\views\errors\html\error_404.php 31
ERROR - 2019-01-23 10:00:41 --> Severity: Error --> Call to undefined function assets_url() C:\xampp_5.6\htdocs\masagi\watchlog\apps\views\errors\html\error_404.php 31
ERROR - 2019-01-23 10:00:41 --> Severity: Error --> Call to undefined function assets_url() C:\xampp_5.6\htdocs\masagi\watchlog\apps\views\errors\html\error_404.php 31
ERROR - 2019-01-23 10:00:41 --> Severity: Error --> Call to undefined function assets_url() C:\xampp_5.6\htdocs\masagi\watchlog\apps\views\errors\html\error_404.php 31
ERROR - 2019-01-23 10:00:41 --> Severity: Error --> Call to undefined function assets_url() C:\xampp_5.6\htdocs\masagi\watchlog\apps\views\errors\html\error_404.php 31
ERROR - 2019-01-23 10:00:41 --> Severity: Error --> Call to undefined function assets_url() C:\xampp_5.6\htdocs\masagi\watchlog\apps\views\errors\html\error_404.php 31
ERROR - 2019-01-23 10:00:41 --> Severity: Error --> Call to undefined function assets_url() C:\xampp_5.6\htdocs\masagi\watchlog\apps\views\errors\html\error_404.php 31
ERROR - 2019-01-23 10:00:41 --> Severity: Error --> Call to undefined function assets_url() C:\xampp_5.6\htdocs\masagi\watchlog\apps\views\errors\html\error_404.php 31
ERROR - 2019-01-23 10:00:41 --> Severity: Error --> Call to undefined function assets_url() C:\xampp_5.6\htdocs\masagi\watchlog\apps\views\errors\html\error_404.php 31
ERROR - 2019-01-23 10:00:42 --> Severity: Error --> Call to undefined function assets_url() C:\xampp_5.6\htdocs\masagi\watchlog\apps\views\errors\html\error_404.php 31
ERROR - 2019-01-23 10:02:43 --> Severity: Error --> Call to undefined function assets_url() C:\xampp_5.6\htdocs\masagi\watchlog\apps\views\errors\html\error_404.php 31
ERROR - 2019-01-23 10:02:43 --> Severity: Error --> Call to undefined function assets_url() C:\xampp_5.6\htdocs\masagi\watchlog\apps\views\errors\html\error_404.php 31
ERROR - 2019-01-23 10:02:43 --> Severity: Error --> Call to undefined function assets_url() C:\xampp_5.6\htdocs\masagi\watchlog\apps\views\errors\html\error_404.php 31
ERROR - 2019-01-23 10:02:43 --> Severity: Error --> Call to undefined function assets_url() C:\xampp_5.6\htdocs\masagi\watchlog\apps\views\errors\html\error_404.php 31
ERROR - 2019-01-23 10:02:43 --> Severity: Error --> Call to undefined function assets_url() C:\xampp_5.6\htdocs\masagi\watchlog\apps\views\errors\html\error_404.php 31
ERROR - 2019-01-23 10:02:43 --> Severity: Error --> Call to undefined function assets_url() C:\xampp_5.6\htdocs\masagi\watchlog\apps\views\errors\html\error_404.php 31
ERROR - 2019-01-23 10:02:43 --> Severity: Error --> Call to undefined function assets_url() C:\xampp_5.6\htdocs\masagi\watchlog\apps\views\errors\html\error_404.php 31
ERROR - 2019-01-23 10:02:43 --> Severity: Error --> Call to undefined function assets_url() C:\xampp_5.6\htdocs\masagi\watchlog\apps\views\errors\html\error_404.php 31
ERROR - 2019-01-23 10:02:43 --> Severity: Error --> Call to undefined function assets_url() C:\xampp_5.6\htdocs\masagi\watchlog\apps\views\errors\html\error_404.php 31
ERROR - 2019-01-23 10:02:44 --> Severity: Error --> Call to undefined function assets_url() C:\xampp_5.6\htdocs\masagi\watchlog\apps\views\errors\html\error_404.php 31
ERROR - 2019-01-23 10:02:44 --> Severity: Error --> Call to undefined function assets_url() C:\xampp_5.6\htdocs\masagi\watchlog\apps\views\errors\html\error_404.php 31
ERROR - 2019-01-23 10:02:44 --> Severity: Error --> Call to undefined function assets_url() C:\xampp_5.6\htdocs\masagi\watchlog\apps\views\errors\html\error_404.php 31
ERROR - 2019-01-23 10:04:38 --> Severity: Error --> Call to undefined function assets_url() C:\xampp_5.6\htdocs\masagi\watchlog\apps\views\errors\html\error_404.php 31
ERROR - 2019-01-23 10:04:56 --> Severity: Error --> Call to undefined function assets_url() C:\xampp_5.6\htdocs\masagi\watchlog\apps\views\errors\html\error_404.php 31
ERROR - 2019-01-23 10:05:01 --> Severity: Error --> Call to undefined function assets_url() C:\xampp_5.6\htdocs\masagi\watchlog\apps\views\errors\html\error_404.php 31
ERROR - 2019-01-23 10:09:16 --> Severity: Warning --> Missing argument 1 for Home::detail() C:\xampp_5.6\htdocs\masagi\watchlog\apps\modules\home\controllers\Home.php 41
ERROR - 2019-01-23 10:09:16 --> 404 Page Not Found: 
ERROR - 2019-01-23 10:09:16 --> Severity: Error --> Call to undefined function assets_url() C:\xampp_5.6\htdocs\masagi\watchlog\apps\views\errors\html\error_404.php 31
ERROR - 2019-01-23 10:09:17 --> Severity: Error --> Call to undefined function assets_url() C:\xampp_5.6\htdocs\masagi\watchlog\apps\views\errors\html\error_404.php 31
ERROR - 2019-01-23 10:09:17 --> Severity: Error --> Call to undefined function assets_url() C:\xampp_5.6\htdocs\masagi\watchlog\apps\views\errors\html\error_404.php 31
ERROR - 2019-01-23 10:09:22 --> 404 Page Not Found: 
ERROR - 2019-01-23 10:09:22 --> Severity: Error --> Call to undefined function assets_url() C:\xampp_5.6\htdocs\masagi\watchlog\apps\views\errors\html\error_404.php 31
ERROR - 2019-01-23 10:09:22 --> Severity: Error --> Call to undefined function assets_url() C:\xampp_5.6\htdocs\masagi\watchlog\apps\views\errors\html\error_404.php 31
ERROR - 2019-01-23 10:11:26 --> Severity: Parsing Error --> syntax error, unexpected '}' C:\xampp_5.6\htdocs\masagi\watchlog\apps\helpers\function_helper.php 115
ERROR - 2019-01-23 10:11:42 --> 404 Page Not Found: 
ERROR - 2019-01-23 10:11:42 --> Severity: Error --> Call to undefined function assets_url() C:\xampp_5.6\htdocs\masagi\watchlog\apps\views\errors\html\error_404.php 31
ERROR - 2019-01-23 10:11:43 --> Severity: Error --> Call to undefined function assets_url() C:\xampp_5.6\htdocs\masagi\watchlog\apps\views\errors\html\error_404.php 31
ERROR - 2019-01-23 10:11:48 --> 404 Page Not Found: 
ERROR - 2019-01-23 10:11:48 --> Severity: Error --> Call to undefined function assets_url() C:\xampp_5.6\htdocs\masagi\watchlog\apps\views\errors\html\error_404.php 31
ERROR - 2019-01-23 10:11:48 --> Severity: Error --> Call to undefined function assets_url() C:\xampp_5.6\htdocs\masagi\watchlog\apps\views\errors\html\error_404.php 31
ERROR - 2019-01-23 10:11:51 --> Severity: Error --> Call to undefined function isjax() C:\xampp_5.6\htdocs\masagi\watchlog\apps\modules\home\controllers\Home.php 42
ERROR - 2019-01-23 10:11:55 --> 404 Page Not Found: 
ERROR - 2019-01-23 10:11:55 --> Severity: Error --> Call to undefined function assets_url() C:\xampp_5.6\htdocs\masagi\watchlog\apps\views\errors\html\error_404.php 31
ERROR - 2019-01-23 10:11:56 --> Severity: Error --> Call to undefined function assets_url() C:\xampp_5.6\htdocs\masagi\watchlog\apps\views\errors\html\error_404.php 31
ERROR - 2019-01-23 10:16:30 --> 404 Page Not Found: 
ERROR - 2019-01-23 10:16:30 --> Severity: Error --> Call to undefined function assets_url() C:\xampp_5.6\htdocs\masagi\watchlog\apps\views\errors\html\error_404.php 31
ERROR - 2019-01-23 10:16:30 --> Severity: Error --> Call to undefined function assets_url() C:\xampp_5.6\htdocs\masagi\watchlog\apps\views\errors\html\error_404.php 31
ERROR - 2019-01-23 10:16:33 --> Severity: Warning --> Missing argument 1 for Home::detail() C:\xampp_5.6\htdocs\masagi\watchlog\apps\modules\home\controllers\Home.php 41
ERROR - 2019-01-23 10:16:33 --> 404 Page Not Found: 
ERROR - 2019-01-23 10:16:33 --> Severity: Error --> Call to undefined function assets_url() C:\xampp_5.6\htdocs\masagi\watchlog\apps\views\errors\html\error_404.php 31
ERROR - 2019-01-23 10:16:33 --> Severity: Error --> Call to undefined function assets_url() C:\xampp_5.6\htdocs\masagi\watchlog\apps\views\errors\html\error_404.php 31
ERROR - 2019-01-23 10:16:47 --> 404 Page Not Found: 
ERROR - 2019-01-23 10:16:47 --> Severity: Error --> Call to undefined function assets_url() C:\xampp_5.6\htdocs\masagi\watchlog\apps\views\errors\html\error_404.php 31
ERROR - 2019-01-23 10:16:48 --> Severity: Error --> Call to undefined function assets_url() C:\xampp_5.6\htdocs\masagi\watchlog\apps\views\errors\html\error_404.php 31
ERROR - 2019-01-23 10:17:00 --> 404 Page Not Found: 
ERROR - 2019-01-23 10:17:00 --> Severity: Error --> Call to undefined function assets_url() C:\xampp_5.6\htdocs\masagi\watchlog\apps\views\errors\html\error_404.php 31
ERROR - 2019-01-23 10:17:01 --> Severity: Error --> Call to undefined function assets_url() C:\xampp_5.6\htdocs\masagi\watchlog\apps\views\errors\html\error_404.php 31
ERROR - 2019-01-23 10:17:10 --> 404 Page Not Found: 
ERROR - 2019-01-23 10:17:10 --> Severity: Error --> Call to undefined function assets_url() C:\xampp_5.6\htdocs\masagi\watchlog\apps\views\errors\html\error_404.php 31
ERROR - 2019-01-23 10:17:10 --> Severity: Error --> Call to undefined function assets_url() C:\xampp_5.6\htdocs\masagi\watchlog\apps\views\errors\html\error_404.php 31
ERROR - 2019-01-23 10:17:28 --> 404 Page Not Found: 
ERROR - 2019-01-23 10:17:28 --> Severity: Error --> Call to undefined function assets_url() C:\xampp_5.6\htdocs\masagi\watchlog\apps\views\errors\html\error_404.php 31
ERROR - 2019-01-23 10:17:29 --> Severity: Error --> Call to undefined function assets_url() C:\xampp_5.6\htdocs\masagi\watchlog\apps\views\errors\html\error_404.php 31
ERROR - 2019-01-23 10:17:38 --> 404 Page Not Found: 
ERROR - 2019-01-23 10:17:38 --> Severity: Error --> Call to undefined function assets_url() C:\xampp_5.6\htdocs\masagi\watchlog\apps\views\errors\html\error_404.php 31
ERROR - 2019-01-23 10:17:38 --> Severity: Error --> Call to undefined function assets_url() C:\xampp_5.6\htdocs\masagi\watchlog\apps\views\errors\html\error_404.php 31
ERROR - 2019-01-23 10:17:54 --> 404 Page Not Found: 
ERROR - 2019-01-23 10:17:54 --> Severity: Error --> Call to undefined function assets_url() C:\xampp_5.6\htdocs\masagi\watchlog\apps\views\errors\html\error_404.php 31
ERROR - 2019-01-23 10:17:54 --> Severity: Error --> Call to undefined function assets_url() C:\xampp_5.6\htdocs\masagi\watchlog\apps\views\errors\html\error_404.php 31
ERROR - 2019-01-23 10:17:58 --> 404 Page Not Found: 
ERROR - 2019-01-23 10:17:58 --> Severity: Error --> Call to undefined function assets_url() C:\xampp_5.6\htdocs\masagi\watchlog\apps\views\errors\html\error_404.php 31
ERROR - 2019-01-23 10:17:58 --> Severity: Error --> Call to undefined function assets_url() C:\xampp_5.6\htdocs\masagi\watchlog\apps\views\errors\html\error_404.php 31
ERROR - 2019-01-23 10:18:01 --> 404 Page Not Found: 
ERROR - 2019-01-23 10:18:01 --> Severity: Error --> Call to undefined function assets_url() C:\xampp_5.6\htdocs\masagi\watchlog\apps\views\errors\html\error_404.php 31
ERROR - 2019-01-23 10:18:01 --> Severity: Error --> Call to undefined function assets_url() C:\xampp_5.6\htdocs\masagi\watchlog\apps\views\errors\html\error_404.php 31
ERROR - 2019-01-23 10:19:00 --> 404 Page Not Found: 
ERROR - 2019-01-23 10:19:00 --> Severity: Error --> Call to undefined function assets_url() C:\xampp_5.6\htdocs\masagi\watchlog\apps\views\errors\html\error_404.php 31
ERROR - 2019-01-23 10:19:01 --> Severity: Error --> Call to undefined function assets_url() C:\xampp_5.6\htdocs\masagi\watchlog\apps\views\errors\html\error_404.php 31
ERROR - 2019-01-23 10:19:09 --> 404 Page Not Found: 
ERROR - 2019-01-23 10:19:09 --> Severity: Error --> Call to undefined function assets_url() C:\xampp_5.6\htdocs\masagi\watchlog\apps\views\errors\html\error_404.php 31
ERROR - 2019-01-23 10:19:10 --> Severity: Error --> Call to undefined function assets_url() C:\xampp_5.6\htdocs\masagi\watchlog\apps\views\errors\html\error_404.php 31
ERROR - 2019-01-23 10:44:51 --> 404 Page Not Found: 
ERROR - 2019-01-23 10:44:51 --> Severity: Error --> Call to undefined function assets_url() C:\xampp_5.6\htdocs\masagi\watchlog\apps\views\errors\html\error_404.php 31
ERROR - 2019-01-23 10:44:51 --> Severity: Error --> Call to undefined function assets_url() C:\xampp_5.6\htdocs\masagi\watchlog\apps\views\errors\html\error_404.php 31
ERROR - 2019-01-23 10:47:48 --> 404 Page Not Found: 
ERROR - 2019-01-23 10:47:48 --> Severity: Error --> Call to undefined function assets_url() C:\xampp_5.6\htdocs\masagi\watchlog\apps\views\errors\html\error_404.php 31
ERROR - 2019-01-23 10:47:48 --> Severity: Error --> Call to undefined function assets_url() C:\xampp_5.6\htdocs\masagi\watchlog\apps\views\errors\html\error_404.php 31
ERROR - 2019-01-23 10:58:08 --> 404 Page Not Found: 
ERROR - 2019-01-23 10:58:08 --> Severity: Error --> Call to undefined function assets_url() C:\xampp_5.6\htdocs\masagi\watchlog\apps\views\errors\html\error_404.php 31
ERROR - 2019-01-23 10:58:08 --> Severity: Error --> Call to undefined function assets_url() C:\xampp_5.6\htdocs\masagi\watchlog\apps\views\errors\html\error_404.php 31
ERROR - 2019-01-23 10:58:09 --> 404 Page Not Found: 
ERROR - 2019-01-23 10:58:09 --> Severity: Error --> Call to undefined function assets_url() C:\xampp_5.6\htdocs\masagi\watchlog\apps\views\errors\html\error_404.php 31
ERROR - 2019-01-23 10:58:10 --> Severity: Error --> Call to undefined function assets_url() C:\xampp_5.6\htdocs\masagi\watchlog\apps\views\errors\html\error_404.php 31
ERROR - 2019-01-23 10:58:10 --> 404 Page Not Found: 
ERROR - 2019-01-23 10:58:10 --> Severity: Error --> Call to undefined function assets_url() C:\xampp_5.6\htdocs\masagi\watchlog\apps\views\errors\html\error_404.php 31
ERROR - 2019-01-23 10:58:11 --> Severity: Error --> Call to undefined function assets_url() C:\xampp_5.6\htdocs\masagi\watchlog\apps\views\errors\html\error_404.php 31
ERROR - 2019-01-23 10:58:11 --> 404 Page Not Found: 
ERROR - 2019-01-23 10:58:11 --> Severity: Error --> Call to undefined function assets_url() C:\xampp_5.6\htdocs\masagi\watchlog\apps\views\errors\html\error_404.php 31
ERROR - 2019-01-23 10:58:12 --> Severity: Error --> Call to undefined function assets_url() C:\xampp_5.6\htdocs\masagi\watchlog\apps\views\errors\html\error_404.php 31
ERROR - 2019-01-23 10:58:12 --> 404 Page Not Found: 
ERROR - 2019-01-23 10:58:12 --> Severity: Error --> Call to undefined function assets_url() C:\xampp_5.6\htdocs\masagi\watchlog\apps\views\errors\html\error_404.php 31
ERROR - 2019-01-23 10:58:12 --> Severity: Error --> Call to undefined function assets_url() C:\xampp_5.6\htdocs\masagi\watchlog\apps\views\errors\html\error_404.php 31
ERROR - 2019-01-23 10:58:12 --> 404 Page Not Found: 
ERROR - 2019-01-23 10:58:12 --> Severity: Error --> Call to undefined function assets_url() C:\xampp_5.6\htdocs\masagi\watchlog\apps\views\errors\html\error_404.php 31
ERROR - 2019-01-23 10:58:13 --> Severity: Error --> Call to undefined function assets_url() C:\xampp_5.6\htdocs\masagi\watchlog\apps\views\errors\html\error_404.php 31
ERROR - 2019-01-23 10:58:13 --> 404 Page Not Found: 
ERROR - 2019-01-23 10:58:13 --> Severity: Error --> Call to undefined function assets_url() C:\xampp_5.6\htdocs\masagi\watchlog\apps\views\errors\html\error_404.php 31
ERROR - 2019-01-23 10:58:13 --> Severity: Error --> Call to undefined function assets_url() C:\xampp_5.6\htdocs\masagi\watchlog\apps\views\errors\html\error_404.php 31
ERROR - 2019-01-23 10:58:13 --> 404 Page Not Found: 
ERROR - 2019-01-23 10:58:13 --> Severity: Error --> Call to undefined function assets_url() C:\xampp_5.6\htdocs\masagi\watchlog\apps\views\errors\html\error_404.php 31
ERROR - 2019-01-23 10:58:14 --> Severity: Error --> Call to undefined function assets_url() C:\xampp_5.6\htdocs\masagi\watchlog\apps\views\errors\html\error_404.php 31
ERROR - 2019-01-23 10:58:14 --> 404 Page Not Found: 
ERROR - 2019-01-23 10:58:14 --> Severity: Error --> Call to undefined function assets_url() C:\xampp_5.6\htdocs\masagi\watchlog\apps\views\errors\html\error_404.php 31
ERROR - 2019-01-23 10:58:14 --> Severity: Error --> Call to undefined function assets_url() C:\xampp_5.6\htdocs\masagi\watchlog\apps\views\errors\html\error_404.php 31
ERROR - 2019-01-23 10:58:14 --> 404 Page Not Found: 
ERROR - 2019-01-23 10:58:14 --> Severity: Error --> Call to undefined function assets_url() C:\xampp_5.6\htdocs\masagi\watchlog\apps\views\errors\html\error_404.php 31
ERROR - 2019-01-23 10:58:14 --> Severity: Error --> Call to undefined function assets_url() C:\xampp_5.6\htdocs\masagi\watchlog\apps\views\errors\html\error_404.php 31
ERROR - 2019-01-23 10:58:15 --> 404 Page Not Found: 
ERROR - 2019-01-23 10:58:15 --> Severity: Error --> Call to undefined function assets_url() C:\xampp_5.6\htdocs\masagi\watchlog\apps\views\errors\html\error_404.php 31
ERROR - 2019-01-23 10:58:15 --> Severity: Error --> Call to undefined function assets_url() C:\xampp_5.6\htdocs\masagi\watchlog\apps\views\errors\html\error_404.php 31
ERROR - 2019-01-23 10:58:15 --> 404 Page Not Found: 
ERROR - 2019-01-23 10:58:15 --> Severity: Error --> Call to undefined function assets_url() C:\xampp_5.6\htdocs\masagi\watchlog\apps\views\errors\html\error_404.php 31
ERROR - 2019-01-23 10:58:15 --> Severity: Error --> Call to undefined function assets_url() C:\xampp_5.6\htdocs\masagi\watchlog\apps\views\errors\html\error_404.php 31
ERROR - 2019-01-23 10:58:15 --> 404 Page Not Found: 
ERROR - 2019-01-23 10:58:15 --> Severity: Error --> Call to undefined function assets_url() C:\xampp_5.6\htdocs\masagi\watchlog\apps\views\errors\html\error_404.php 31
ERROR - 2019-01-23 10:58:16 --> Severity: Error --> Call to undefined function assets_url() C:\xampp_5.6\htdocs\masagi\watchlog\apps\views\errors\html\error_404.php 31
ERROR - 2019-01-23 10:58:16 --> 404 Page Not Found: 
ERROR - 2019-01-23 10:58:16 --> Severity: Error --> Call to undefined function assets_url() C:\xampp_5.6\htdocs\masagi\watchlog\apps\views\errors\html\error_404.php 31
ERROR - 2019-01-23 10:58:16 --> Severity: Error --> Call to undefined function assets_url() C:\xampp_5.6\htdocs\masagi\watchlog\apps\views\errors\html\error_404.php 31
ERROR - 2019-01-23 10:58:16 --> 404 Page Not Found: 
ERROR - 2019-01-23 10:58:16 --> Severity: Error --> Call to undefined function assets_url() C:\xampp_5.6\htdocs\masagi\watchlog\apps\views\errors\html\error_404.php 31
ERROR - 2019-01-23 10:58:17 --> Severity: Error --> Call to undefined function assets_url() C:\xampp_5.6\htdocs\masagi\watchlog\apps\views\errors\html\error_404.php 31
ERROR - 2019-01-23 10:58:17 --> 404 Page Not Found: 
ERROR - 2019-01-23 10:58:17 --> Severity: Error --> Call to undefined function assets_url() C:\xampp_5.6\htdocs\masagi\watchlog\apps\views\errors\html\error_404.php 31
ERROR - 2019-01-23 10:58:17 --> Severity: Error --> Call to undefined function assets_url() C:\xampp_5.6\htdocs\masagi\watchlog\apps\views\errors\html\error_404.php 31
ERROR - 2019-01-23 11:32:13 --> Severity: Error --> Call to undefined function assets_url() C:\xampp_5.6\htdocs\masagi\watchlog\apps\views\errors\html\error_404.php 31
ERROR - 2019-01-23 11:32:13 --> Severity: Error --> Call to undefined function assets_url() C:\xampp_5.6\htdocs\masagi\watchlog\apps\views\errors\html\error_404.php 31
ERROR - 2019-01-23 17:00:42 --> 404 Page Not Found: ../modules/login/controllers/Login/process
ERROR - 2019-01-23 17:00:42 --> Severity: Error --> Call to undefined function assets_url() C:\xampp_5.6\htdocs\masagi\watchlog\apps\views\errors\html\error_404.php 31
ERROR - 2019-01-23 17:00:42 --> Severity: Error --> Call to undefined function assets_url() C:\xampp_5.6\htdocs\masagi\watchlog\apps\views\errors\html\error_404.php 31
ERROR - 2019-01-23 17:16:40 --> 404 Page Not Found: ../modules/login/controllers/Login/process
ERROR - 2019-01-23 17:16:40 --> Severity: Error --> Call to undefined function assets_url() C:\xampp_5.6\htdocs\masagi\watchlog\apps\views\errors\html\error_404.php 31
ERROR - 2019-01-23 17:16:45 --> 404 Page Not Found: ../modules/login/controllers/Login/process
ERROR - 2019-01-23 17:16:45 --> Severity: Error --> Call to undefined function assets_url() C:\xampp_5.6\htdocs\masagi\watchlog\apps\views\errors\html\error_404.php 31
ERROR - 2019-01-23 17:16:46 --> 404 Page Not Found: ../modules/login/controllers/Login/process
ERROR - 2019-01-23 17:16:46 --> Severity: Error --> Call to undefined function assets_url() C:\xampp_5.6\htdocs\masagi\watchlog\apps\views\errors\html\error_404.php 31
ERROR - 2019-01-23 17:23:28 --> Severity: Error --> Call to undefined function assets_url() C:\xampp_5.6\htdocs\masagi\watchlog\apps\views\errors\html\error_404.php 31
ERROR - 2019-01-23 17:23:46 --> Severity: Error --> Call to undefined function assets_url() C:\xampp_5.6\htdocs\masagi\watchlog\apps\views\errors\html\error_404.php 31
ERROR - 2019-01-23 17:26:20 --> Severity: Notice --> Undefined index: role C:\xampp_5.6\htdocs\masagi\watchlog\apps\views\template\sidebar.php 4
ERROR - 2019-01-23 17:26:36 --> Severity: Notice --> Undefined index: role C:\xampp_5.6\htdocs\masagi\watchlog\apps\views\template\sidebar.php 4
ERROR - 2019-01-23 17:27:34 --> Severity: Error --> Call to undefined function assets_url() C:\xampp_5.6\htdocs\masagi\watchlog\apps\views\errors\html\error_404.php 31
ERROR - 2019-01-23 17:27:35 --> Severity: Error --> Call to undefined function assets_url() C:\xampp_5.6\htdocs\masagi\watchlog\apps\views\errors\html\error_404.php 31
ERROR - 2019-01-23 17:27:38 --> Severity: Error --> Call to undefined function assets_url() C:\xampp_5.6\htdocs\masagi\watchlog\apps\views\errors\html\error_404.php 31
ERROR - 2019-01-23 17:27:39 --> Severity: Error --> Call to undefined function assets_url() C:\xampp_5.6\htdocs\masagi\watchlog\apps\views\errors\html\error_404.php 31
ERROR - 2019-01-23 17:27:44 --> Severity: Notice --> Undefined index: role C:\xampp_5.6\htdocs\masagi\watchlog\apps\views\template\sidebar.php 4
ERROR - 2019-01-23 17:28:40 --> Severity: Notice --> Undefined index: role C:\xampp_5.6\htdocs\masagi\watchlog\apps\views\template\sidebar.php 4
ERROR - 2019-01-23 17:29:23 --> Severity: Error --> Call to undefined function assets_url() C:\xampp_5.6\htdocs\masagi\watchlog\apps\views\errors\html\error_404.php 31
ERROR - 2019-01-23 17:29:24 --> Severity: Error --> Call to undefined function assets_url() C:\xampp_5.6\htdocs\masagi\watchlog\apps\views\errors\html\error_404.php 31
ERROR - 2019-01-23 17:35:12 --> Severity: Error --> Call to undefined function assets_url() C:\xampp_5.6\htdocs\masagi\watchlog\apps\views\errors\html\error_404.php 31
ERROR - 2019-01-23 17:35:13 --> Severity: Error --> Call to undefined function assets_url() C:\xampp_5.6\htdocs\masagi\watchlog\apps\views\errors\html\error_404.php 31
ERROR - 2019-01-23 17:36:37 --> 404 Page Not Found: ../modules/profile/controllers/Profile/index
ERROR - 2019-01-23 17:36:37 --> Severity: Error --> Call to undefined function assets_url() C:\xampp_5.6\htdocs\masagi\watchlog\apps\views\errors\html\error_404.php 31
ERROR - 2019-01-23 17:36:37 --> Severity: Error --> Call to undefined function assets_url() C:\xampp_5.6\htdocs\masagi\watchlog\apps\views\errors\html\error_404.php 31
